<?xml version="1.0" encoding="UTF-8"?>
<!-- Generated by org.testng.reporters.JUnitReportReporter -->
<testsuite ignored="0" hostname="DESKTOP-AH44PUK" failures="0" tests="1" name="Acadamy.Maven.java.RestApiTest" time="0.000" errors="0" timestamp="16 Mar 2022 10:43:32 GMT" skipped="0">
  <testcase classname="Acadamy.Maven.java.RestApiTest" name="MavenruningTest" time="0.000"/>
</testsuite> <!-- Acadamy.Maven.java.RestApiTest -->
